<?xml version="1.0" encoding="UTF-8"?>
<!-- Generated by org.testng.reporters.JUnitReportReporter -->
<testsuite skipped="0" hostname="DESKTOP-O9RJ2K6" name="TestRunner" tests="2" failures="0" timestamp="2021-04-13T17:25:24 EDT" time="12.966" errors="0">
  <testcase name="runScenario" time="6.224" classname="TestRunner"/>
  <system-out/>
  <testcase name="runScenario" time="6.742" classname="TestRunner"/>
  <system-out/>
</testsuite> <!-- TestRunner -->
