<?xml version="1.0" encoding="UTF-8"?>
<!-- Generated by org.testng.reporters.JUnitReportReporter -->
<testsuite skipped="0" hostname="DESKTOP-O9RJ2K6" name="TestRunner" tests="4" failures="0" timestamp="2021-04-18T10:53:30 EDT" time="20.169" errors="0">
  <testcase name="runScenario" time="7.633" classname="TestRunner"/>
  <system-out/>
  <testcase name="runScenario" time="5.411" classname="TestRunner"/>
  <system-out/>
  <testcase name="runScenario" time="2.811" classname="TestRunner"/>
  <system-out/>
  <testcase name="runScenario" time="4.314" classname="TestRunner"/>
  <system-out/>
</testsuite> <!-- TestRunner -->
