<?xml version="1.0" encoding="UTF-8"?>
<!-- Generated by org.testng.reporters.JUnitReportReporter -->
<testsuite skipped="0" hostname="DESKTOP-O9RJ2K6" name="TestRunner" tests="2" failures="0" timestamp="2021-04-15T23:53:36 EDT" time="13.620" errors="0">
  <testcase name="runScenario" time="7.473" classname="TestRunner"/>
  <system-out/>
  <testcase name="runScenario" time="6.147" classname="TestRunner"/>
  <system-out/>
</testsuite> <!-- TestRunner -->
