<?xml version="1.0" encoding="UTF-8"?>
<!-- Generated by org.testng.reporters.JUnitReportReporter -->
<testsuite skipped="0" hostname="DESKTOP-O9RJ2K6" name="TestRunner" tests="1" failures="0" timestamp="2021-04-12T16:07:21 EDT" time="11.090" errors="0">
  <testcase name="runScenario" time="11.090" classname="TestRunner"/>
  <system-out/>
</testsuite> <!-- TestRunner -->
